22.05.25 19:35:27 [INFO] El_Nathan_Nang failed SurvivalFly: tried to move unexpectedly. VL 11.
22.05.25 19:35:34 [INFO] lisjd failed SurvivalFly: tried to move unexpectedly. VL 11.
22.05.25 19:35:35 [INFO] BruhObama failed SurvivalFly: tried to move unexpectedly. VL 11.
22.05.25 19:35:39 [INFO] r3ality_cubed failed SurvivalFly: tried to move unexpectedly. VL 11.
22.05.25 19:35:42 [INFO] BOB_ROSS failed SurvivalFly: tried to move unexpectedly. VL 11.
22.05.25 19:36:00 [INFO] BOB_ROSS failed SurvivalFly: tried to move unexpectedly. VL 139.
22.05.25 19:40:11 [INFO] El_Nathan_Nang failed SurvivalFly: tried to move unexpectedly. VL 43.
22.05.25 19:43:39 [INFO] BOB_ROSS failed SurvivalFly: tried to move unexpectedly. VL 11.
22.05.25 19:43:44 [INFO] BOB_ROSS failed SurvivalFly: tried to move unexpectedly. VL 100.
22.05.25 19:45:22 [INFO] BOB_ROSS failed SurvivalFly: tried to move unexpectedly. VL 28.
22.05.25 19:50:36 [INFO] Aarush_Nuts failed Speed: tried to attack with too high a frequency. VL 2.
22.05.25 20:34:14 [INFO] Rankc failed SurvivalFly: tried to move unexpectedly. VL 18.
22.05.25 20:34:18 [INFO] Rankc failed SurvivalFly: tried to move unexpectedly. VL 101.
22.05.25 20:34:19 [INFO] Rankc failed GodMode: avoided taking damage or lagging. VL 7.
22.05.25 20:34:25 [INFO] Rankc failed GodMode: avoided taking damage or lagging. VL 13.
22.05.25 20:34:28 [INFO] Rankc failed SurvivalFly: tried to move unexpectedly. VL 262.
22.05.25 20:34:30 [INFO] Rankc failed GodMode: avoided taking damage or lagging. VL 16.
22.05.25 20:34:36 [INFO] Rankc failed GodMode: avoided taking damage or lagging. VL 21.
22.05.25 20:34:36 [INFO] Rankc failed SurvivalFly: tried to move from -158.00, 64.00, 244.00 to -157.90, 64.00, 244.10 over a distance of 0.14 block(s). VL 402.
22.05.25 20:34:41 [INFO] Rankc failed SurvivalFly: tried to move from -158.00, 64.00, 244.00 to -157.90, 64.04, 244.12 over a distance of 0.16 block(s). VL 488.
22.05.25 20:34:41 [INFO] Rankc failed GodMode: avoided taking damage or lagging. VL 22.
22.05.25 20:40:24 [INFO] Rankc failed SurvivalFly: tried to move unexpectedly. VL 76.
22.05.25 20:40:25 [INFO] Rankc failed SurvivalFly: tried to move unexpectedly. VL 102.
22.05.25 20:40:28 [INFO] Rankc failed GodMode: avoided taking damage or lagging. VL 23.
22.05.25 20:40:33 [INFO] Rankc failed GodMode: avoided taking damage or lagging. VL 25.
22.05.25 20:40:35 [INFO] Rankc failed SurvivalFly: tried to move unexpectedly. VL 268.
22.05.25 20:40:39 [INFO] Rankc failed GodMode: avoided taking damage or lagging. VL 26.
22.05.25 20:40:42 [INFO] Rankc failed SurvivalFly: tried to move from -158.00, 64.00, 244.00 to -157.90, 64.00, 244.10 over a distance of 0.14 block(s). VL 400.
22.05.25 20:40:45 [INFO] Rankc failed GodMode: avoided taking damage or lagging. VL 28.
22.05.25 20:40:47 [INFO] Rankc failed SurvivalFly: tried to move from -158.00, 64.00, 244.00 to -157.90, 64.00, 244.10 over a distance of 0.14 block(s). VL 479.
22.05.25 20:40:51 [INFO] Rankc failed GodMode: avoided taking damage or lagging. VL 29.
22.05.25 20:40:52 [INFO] Rankc failed SurvivalFly: tried to move from -158.00, 64.00, 244.00 to -157.90, 64.00, 244.10 over a distance of 0.14 block(s). VL 567.
22.05.25 20:41:02 [INFO] Rankc failed SurvivalFly: tried to move from -158.00, 66.00, 244.00 to -158.00, 66.00, 244.10 over a distance of 0.10 block(s). VL 692.
22.05.25 20:41:03 [INFO] Rankc failed GodMode: avoided taking damage or lagging. VL 29.
22.05.25 20:41:07 [INFO] Rankc failed SurvivalFly: tried to move from -158.00, 64.00, 244.00 to -157.90, 64.00, 244.10 over a distance of 0.14 block(s). VL 779.
22.05.25 20:41:12 [INFO] Rankc failed SurvivalFly: tried to move from -158.00, 64.00, 244.00 to -157.90, 64.00, 244.10 over a distance of 0.14 block(s). VL 806.
22.05.25 20:41:14 [INFO] Rankc failed GodMode: avoided taking damage or lagging. VL 28.
22.05.25 20:41:17 [INFO] Rankc failed SurvivalFly: tried to move from -158.00, 64.00, 244.00 to -157.90, 64.04, 244.12 over a distance of 0.16 block(s). VL 930.
22.05.25 20:41:19 [INFO] Rankc failed GodMode: avoided taking damage or lagging. VL 28.
22.05.25 20:41:20 [INFO] Rankc failed SurvivalFly: tried to move from -158.00, 64.00, 244.00 to -157.90, 64.00, 244.12 over a distance of 0.16 block(s). VL 1003.
22.05.25 20:41:24 [INFO] Rankc failed Relog: relogs too fast. VL 1.
22.05.25 20:41:33 [INFO] Rankc failed SurvivalFly: tried to move from -158.00, 64.00, 244.00 to -157.90, 64.00, 244.10 over a distance of 0.14 block(s). VL 1005.
22.05.25 20:41:38 [INFO] Rankc failed Relog: relogs too fast. VL 2.
22.05.25 20:41:46 [INFO] Rankc failed SurvivalFly: tried to move from -158.00, 64.00, 244.00 to -157.90, 64.00, 244.10 over a distance of 0.14 block(s). VL 1008.
22.05.25 20:45:28 [INFO] lisjd failed SurvivalFly: tried to move unexpectedly. VL 11.
22.05.25 20:45:34 [INFO] lisjd failed SurvivalFly: tried to move unexpectedly. VL 100.
22.05.25 20:45:44 [INFO] lisjd failed SurvivalFly: tried to move unexpectedly. VL 256.
22.05.25 20:47:27 [INFO] El_Nathan_Nang failed SurvivalFly: tried to move unexpectedly. VL 11.
22.05.25 20:49:09 [INFO] BOB_ROSS failed SurvivalFly: tried to move unexpectedly. VL 11.
22.05.25 20:49:14 [INFO] BOB_ROSS failed SurvivalFly: tried to move unexpectedly. VL 100.
22.05.25 20:49:42 [INFO] r3ality_cubed failed SurvivalFly: tried to move unexpectedly. VL 45.
22.05.25 20:53:03 [INFO] hex failed SurvivalFly: tried to move unexpectedly. VL 25.
22.05.25 20:53:07 [INFO] hex failed SurvivalFly: tried to move unexpectedly. VL 100.
22.05.25 20:53:07 [INFO] hex failed GodMode: avoided taking damage or lagging. VL 10.
22.05.25 20:53:12 [INFO] hex failed GodMode: avoided taking damage or lagging. VL 15.
22.05.25 20:53:17 [INFO] hex failed SurvivalFly: tried to move unexpectedly. VL 323.
22.05.25 20:53:18 [INFO] hex failed GodMode: avoided taking damage or lagging. VL 18.
22.05.25 20:53:22 [INFO] hex failed SurvivalFly: tried to move from -158.00, 64.00, 244.00 to -157.90, 64.00, 244.10 over a distance of 0.14 block(s). VL 402.
22.05.25 20:53:24 [INFO] hex failed GodMode: avoided taking damage or lagging. VL 23.
22.05.25 20:53:27 [INFO] hex failed SurvivalFly: tried to move from -158.00, 64.00, 244.00 to -157.90, 64.00, 244.10 over a distance of 0.14 block(s). VL 478.
22.05.25 20:53:31 [INFO] hex failed GodMode: avoided taking damage or lagging. VL 26.
22.05.25 20:53:32 [INFO] hex failed SurvivalFly: tried to move from -158.00, 64.00, 244.00 to -157.90, 64.00, 244.10 over a distance of 0.14 block(s). VL 560.
22.05.25 20:53:49 [INFO] hex failed SurvivalFly: tried to move from -158.00, 66.00, 244.00 to -158.03, 66.42, 244.09 over a distance of 0.43 block(s). VL 639.
22.05.25 20:53:52 [INFO] hex failed GodMode: avoided taking damage or lagging. VL 24.
22.05.25 20:53:54 [INFO] hex failed SurvivalFly: tried to move from -158.00, 64.00, 244.00 to -157.88, 64.00, 244.10 over a distance of 0.16 block(s). VL 708.
22.05.25 20:53:57 [INFO] hex failed GodMode: avoided taking damage or lagging. VL 31.
22.05.25 20:53:59 [INFO] hex failed SurvivalFly: tried to move from -158.00, 64.00, 244.00 to -157.90, 64.00, 244.10 over a distance of 0.14 block(s). VL 776.
22.05.25 20:54:04 [INFO] hex failed SurvivalFly: tried to move from -158.00, 64.00, 244.00 to -157.90, 64.00, 244.10 over a distance of 0.14 block(s). VL 861.
22.05.25 20:54:06 [INFO] hex failed GodMode: avoided taking damage or lagging. VL 31.
22.05.25 20:54:09 [INFO] hex failed SurvivalFly: tried to move from -158.00, 64.00, 244.00 to -157.90, 64.00, 244.10 over a distance of 0.14 block(s). VL 948.
22.05.25 20:54:12 [INFO] hex failed GodMode: avoided taking damage or lagging. VL 35.
22.05.25 20:54:19 [INFO] hex failed SurvivalFly: tried to move from -158.00, 64.00, 244.00 to -157.90, 64.00, 244.10 over a distance of 0.14 block(s). VL 998.
22.05.25 20:54:19 [INFO] hex failed SurvivalFly: tried to move from -158.00, 64.00, 244.00 to -157.90, 64.00, 244.10 over a distance of 0.14 block(s). VL 1001.
22.05.25 20:54:35 [INFO] hex failed SurvivalFly: tried to move from -158.00, 64.00, 244.00 to -157.90, 64.00, 244.10 over a distance of 0.14 block(s). VL 1004.
22.05.25 20:54:42 [INFO] hex failed SurvivalFly: tried to move from -158.00, 64.00, 244.00 to -157.90, 64.00, 244.10 over a distance of 0.14 block(s). VL 1006.
22.05.25 20:56:05 [INFO] hex failed SurvivalFly: tried to move from -158.00, 64.00, 244.00 to -157.90, 64.00, 244.10 over a distance of 0.14 block(s). VL 1009.
22.05.25 20:56:58 [INFO] hex failed SurvivalFly: tried to move from -158.00, 64.00, 244.00 to -157.90, 64.00, 244.10 over a distance of 0.14 block(s). VL 1012.
22.05.25 20:57:27 [INFO] hex failed SurvivalFly: tried to move from -158.00, 64.00, 244.00 to -157.90, 64.00, 244.10 over a distance of 0.14 block(s). VL 1014.
22.05.25 20:58:28 [INFO] hex failed SurvivalFly: tried to move from -158.00, 64.00, 244.00 to -157.90, 64.00, 244.10 over a distance of 0.14 block(s). VL 1017.
22.05.25 20:58:33 [INFO] hex failed SurvivalFly: tried to move from -158.00, 64.00, 244.00 to -157.90, 64.00, 244.10 over a distance of 0.14 block(s). VL 1019.
22.05.25 20:59:10 [INFO] hex failed SurvivalFly: tried to move from -158.00, 64.00, 244.00 to -157.90, 64.00, 244.10 over a distance of 0.14 block(s). VL 1022.
22.05.25 20:59:59 [INFO] hex failed SurvivalFly: tried to move from -158.00, 64.00, 244.00 to -157.90, 64.00, 244.10 over a distance of 0.14 block(s). VL 1025.
22.05.25 20:59:59 [INFO] BOB_ROSS failed SurvivalFly: tried to move unexpectedly. VL 11.
22.05.25 21:00:13 [INFO] Indiana_Jones failed SurvivalFly: tried to move unexpectedly. VL 73.
22.05.25 21:00:15 [INFO] Indiana_Jones failed SurvivalFly: tried to move unexpectedly. VL 100.
22.05.25 21:00:17 [INFO] Indiana_Jones failed GodMode: avoided taking damage or lagging. VL 8.
22.05.25 21:00:22 [INFO] Indiana_Jones failed GodMode: avoided taking damage or lagging. VL 15.
22.05.25 21:00:25 [INFO] Indiana_Jones failed SurvivalFly: tried to move unexpectedly. VL 246.
22.05.25 21:00:28 [INFO] Indiana_Jones failed GodMode: avoided taking damage or lagging. VL 20.
22.05.25 21:00:31 [INFO] Indiana_Jones failed SurvivalFly: tried to move from -158.00, 64.00, 244.00 to -157.89, 64.04, 244.12 over a distance of 0.17 block(s). VL 402.
22.05.25 21:00:33 [INFO] Indiana_Jones failed GodMode: avoided taking damage or lagging. VL 23.
22.05.25 21:00:36 [INFO] Indiana_Jones failed SurvivalFly: tried to move from -158.00, 64.00, 244.00 to -157.90, 64.00, 244.10 over a distance of 0.14 block(s). VL 508.
22.05.25 21:00:38 [INFO] Indiana_Jones failed GodMode: avoided taking damage or lagging. VL 28.
22.05.25 21:00:41 [INFO] Indiana_Jones failed SurvivalFly: tried to move from -158.00, 64.00, 244.00 to -157.90, 64.04, 244.10 over a distance of 0.15 block(s). VL 604.
22.05.25 21:00:43 [INFO] Indiana_Jones failed GodMode: avoided taking damage or lagging. VL 23.
22.05.25 21:00:46 [INFO] Indiana_Jones failed SurvivalFly: tried to move from -158.00, 66.00, 244.00 to -158.00, 66.00, 244.00 over a distance of 0.00 block(s). VL 704.
22.05.25 21:00:48 [INFO] Indiana_Jones failed GodMode: avoided taking damage or lagging. VL 24.
22.05.25 21:00:51 [INFO] Indiana_Jones failed SurvivalFly: tried to move from -158.00, 64.00, 244.00 to -157.90, 64.04, 244.12 over a distance of 0.16 block(s). VL 761.
22.05.25 21:00:54 [INFO] Indiana_Jones failed GodMode: avoided taking damage or lagging. VL 31.
22.05.25 21:00:56 [INFO] Indiana_Jones failed SurvivalFly: tried to move from -158.00, 64.00, 244.00 to -157.90, 64.00, 244.10 over a distance of 0.14 block(s). VL 870.
22.05.25 21:00:57 [INFO] hex failed SurvivalFly: tried to move from -158.00, 64.00, 244.00 to -157.90, 64.00, 244.10 over a distance of 0.14 block(s). VL 1027.
22.05.25 21:01:01 [INFO] Indiana_Jones failed SurvivalFly: tried to move from -158.00, 64.00, 244.00 to -157.90, 64.00, 244.10 over a distance of 0.14 block(s). VL 960.
22.05.25 21:01:01 [INFO] Indiana_Jones failed GodMode: avoided taking damage or lagging. VL 27.
22.05.25 21:01:06 [INFO] Indiana_Jones failed SurvivalFly: tried to move from -158.00, 64.00, 244.00 to -157.90, 64.00, 244.10 over a distance of 0.14 block(s). VL 997.
22.05.25 21:01:06 [INFO] Indiana_Jones failed GodMode: avoided taking damage or lagging. VL 29.
22.05.25 21:01:06 [INFO] Indiana_Jones failed SurvivalFly: tried to move from -158.00, 64.00, 244.00 to -157.90, 64.00, 244.10 over a distance of 0.14 block(s). VL 1002.
22.05.25 21:07:11 [INFO] r3ality_cubed failed SurvivalFly: tried to move unexpectedly. VL 79.
22.05.25 21:07:12 [INFO] r3ality_cubed failed SurvivalFly: tried to move unexpectedly. VL 100.
22.05.25 21:13:51 [INFO] El_Nathan_Nang failed SurvivalFly: tried to move unexpectedly. VL 11.
22.05.25 21:40:25 [INFO] El_Nathan_Nang failed SurvivalFly: tried to move unexpectedly. VL 26.
22.05.25 21:43:57 [INFO] r3ality_cubed failed SurvivalFly: tried to move unexpectedly. VL 132.
22.05.25 22:08:48 [INFO] BruhObama failed WrongBlock: broke another block than clicked. VL 12.
22.05.25 22:08:58 [INFO] BruhObama failed WrongBlock: broke another block than clicked. VL 14.
22.05.25 23:31:26 [INFO] lisjd failed SurvivalFly: tried to move from 68.31, 72.10, 48.53 to (HOVER) over a distance of 0.0(HOVER) block(s). VL 500.
22.05.25 23:32:56 [INFO] BruhObama failed SurvivalFly: tried to move unexpectedly. VL 15.
22.05.25 23:33:26 [INFO] lisjd failed SurvivalFly: tried to move from 81.39, 65.00, 59.77 to (HOVER) over a distance of 0.0(HOVER) block(s). VL 500.
22.05.25 23:54:12 [INFO] BruhObama failed Speed: tried to attack with too high a frequency. VL 2.
22.05.26 01:12:18 [INFO] Ghostena2 failed SurvivalFly: tried to move unexpectedly. VL 92.
22.05.26 01:12:39 [INFO] Ghostena2 failed SurvivalFly: tried to move unexpectedly. VL 34.
22.05.26 01:12:40 [INFO] Ghostena2 failed SurvivalFly: tried to move unexpectedly. VL 102.
22.05.26 01:12:43 [INFO] Ghostena2 failed SurvivalFly: tried to move from -366.46, 63.00, 170.30 to -366.46, 63.00, 171.43 over a distance of 1.13 block(s). VL 453.
22.05.26 01:12:47 [INFO] Ghostena2 failed SurvivalFly: tried to move from -366.46, 63.00, 170.30 to -366.46, 63.00, 170.86 over a distance of 0.56 block(s). VL 1023.
22.05.26 01:15:37 [INFO] Ghostena2 failed SurvivalFly: tried to move unexpectedly. VL 21.
22.05.26 01:15:53 [INFO] Ghostena2 failed SurvivalFly: tried to move unexpectedly. VL 84.
22.05.26 01:16:09 [INFO] Ghostena2 failed SurvivalFly: tried to move unexpectedly. VL 73.
22.05.26 01:16:25 [INFO] Ghostena2 failed SurvivalFly: tried to move unexpectedly. VL 73.
22.05.26 01:16:45 [INFO] Ghostena2 failed SurvivalFly: tried to move unexpectedly. VL 21.
22.05.26 01:17:01 [INFO] Ghostena2 failed SurvivalFly: tried to move unexpectedly. VL 21.
22.05.26 01:17:18 [INFO] Ghostena2 failed SurvivalFly: tried to move unexpectedly. VL 84.
22.05.26 01:57:21 [INFO] Neil failed Speed: tried to attack with too high a frequency. VL 2.
22.05.26 02:12:21 [INFO] Neil failed Direction: tried to hit an entity out of line of sight. VL 10.
22.05.26 02:12:26 [INFO] Neil failed Direction: tried to hit an entity out of line of sight. VL 11.
22.05.26 02:12:42 [INFO] Neil failed Direction: tried to hit an entity out of line of sight. VL 10.
22.05.26 02:47:59 [INFO] Ghostena2 failed SurvivalFly: tried to move unexpectedly. VL 97.
22.05.26 02:48:00 [INFO] Ghostena2 failed SurvivalFly: tried to move unexpectedly. VL 139.
22.05.26 02:48:12 [INFO] Ghostena2 failed SurvivalFly: tried to move unexpectedly. VL 78.
22.05.26 03:10:43 [INFO] Deathblade failed BedLeave: sends bed leave packets (was not in bed). VL 1.
22.05.26 03:44:42 [INFO] Ghostena2 failed SurvivalFly: tried to move unexpectedly. VL 64.
22.05.26 03:44:42 [INFO] Ghostena2 failed SurvivalFly: tried to move unexpectedly. VL 106.
22.05.26 03:45:00 [INFO] Ghostena2 failed SurvivalFly: tried to move unexpectedly. VL 73.
22.05.26 03:45:16 [INFO] Ghostena2 failed SurvivalFly: tried to move unexpectedly. VL 20.
22.05.26 03:45:33 [INFO] Ghostena2 failed SurvivalFly: tried to move unexpectedly. VL 70.
22.05.26 03:45:56 [INFO] Ghostena2 failed SurvivalFly: tried to move unexpectedly. VL 21.
22.05.26 03:46:12 [INFO] Ghostena2 failed SurvivalFly: tried to move unexpectedly. VL 21.
22.05.26 03:46:29 [INFO] Ghostena2 failed SurvivalFly: tried to move unexpectedly. VL 21.
22.05.26 03:46:46 [INFO] Ghostena2 failed SurvivalFly: tried to move unexpectedly. VL 21.
22.05.26 03:47:02 [INFO] Ghostena2 failed SurvivalFly: tried to move unexpectedly. VL 21.
22.05.26 03:47:26 [INFO] Ghostena2 failed SurvivalFly: tried to move unexpectedly. VL 18.
22.05.26 03:47:41 [INFO] Ghostena2 failed SurvivalFly: tried to move unexpectedly. VL 21.
22.05.26 03:52:58 [INFO] Ghostena2 failed SurvivalFly: tried to move unexpectedly. VL 86.
22.05.26 04:28:46 [INFO] Ghostena2 failed SurvivalFly: tried to move unexpectedly. VL 113.
22.05.26 04:29:38 [INFO] Ghostena2 failed SurvivalFly: tried to move unexpectedly. VL 84.
22.05.26 04:30:04 [INFO] Ghostena2 failed SurvivalFly: tried to move unexpectedly. VL 84.
22.05.26 04:30:21 [INFO] Ghostena2 failed SurvivalFly: tried to move unexpectedly. VL 82.
22.05.26 04:30:31 [INFO] Ghostena2 failed SurvivalFly: tried to move unexpectedly. VL 71.
22.05.26 04:32:43 [INFO] Ghostena2 failed SurvivalFly: tried to move unexpectedly. VL 34.
22.05.26 04:33:00 [INFO] Ghostena2 failed SurvivalFly: tried to move unexpectedly. VL 21.
22.05.26 04:33:15 [INFO] Ghostena2 failed SurvivalFly: tried to move unexpectedly. VL 21.
22.05.26 04:33:39 [INFO] Ghostena2 failed SurvivalFly: tried to move unexpectedly. VL 21.
22.05.26 04:33:54 [INFO] Ghostena2 failed SurvivalFly: tried to move unexpectedly. VL 33.
22.05.26 04:34:10 [INFO] Ghostena2 failed SurvivalFly: tried to move unexpectedly. VL 33.
22.05.26 04:34:34 [INFO] Ghostena2 failed SurvivalFly: tried to move unexpectedly. VL 72.
22.05.26 04:34:50 [INFO] Ghostena2 failed SurvivalFly: tried to move unexpectedly. VL 22.
22.05.26 04:35:07 [INFO] Ghostena2 failed SurvivalFly: tried to move unexpectedly. VL 23.
22.05.26 04:35:23 [INFO] Ghostena2 failed SurvivalFly: tried to move unexpectedly. VL 21.
22.05.26 04:35:38 [INFO] Ghostena2 failed SurvivalFly: tried to move unexpectedly. VL 21.
22.05.26 04:35:54 [INFO] Ghostena2 failed SurvivalFly: tried to move unexpectedly. VL 21.
22.05.26 04:36:10 [INFO] Ghostena2 failed SurvivalFly: tried to move unexpectedly. VL 33.
22.05.26 04:36:33 [INFO] Ghostena2 failed SurvivalFly: tried to move unexpectedly. VL 21.
22.05.26 04:36:49 [INFO] Ghostena2 failed SurvivalFly: tried to move unexpectedly. VL 21.
22.05.26 04:37:05 [INFO] Ghostena2 failed SurvivalFly: tried to move unexpectedly. VL 21.
22.05.26 04:37:22 [INFO] Ghostena2 failed SurvivalFly: tried to move unexpectedly. VL 19.
22.05.26 04:37:39 [INFO] Ghostena2 failed SurvivalFly: tried to move unexpectedly. VL 33.
22.05.26 04:37:57 [INFO] Ghostena2 failed SurvivalFly: tried to move unexpectedly. VL 84.
22.05.26 04:38:15 [INFO] Ghostena2 failed SurvivalFly: tried to move unexpectedly. VL 82.
22.05.26 04:38:32 [INFO] Ghostena2 failed SurvivalFly: tried to move unexpectedly. VL 23.
22.05.26 04:38:50 [INFO] Ghostena2 failed SurvivalFly: tried to move unexpectedly. VL 74.
22.05.26 04:39:15 [INFO] Ghostena2 failed SurvivalFly: tried to move unexpectedly. VL 72.
22.05.26 04:39:33 [INFO] Ghostena2 failed SurvivalFly: tried to move unexpectedly. VL 86.
22.05.26 04:39:51 [INFO] Ghostena2 failed SurvivalFly: tried to move unexpectedly. VL 74.
22.05.26 05:18:54 [INFO] BruhObama failed SurvivalFly: tried to move unexpectedly. VL 167.
22.05.26 05:20:47 [INFO] Ghostena2 failed SurvivalFly: tried to move unexpectedly. VL 23.
22.05.26 05:21:00 [INFO] Ghostena2 failed SurvivalFly: tried to move unexpectedly. VL 21.
22.05.26 05:21:12 [INFO] Ghostena2 failed SurvivalFly: tried to move unexpectedly. VL 24.
22.05.26 05:21:13 [INFO] Ghostena2 failed SurvivalFly: tried to move unexpectedly. VL 114.
22.05.26 05:21:37 [INFO] Ghostena2 failed SurvivalFly: tried to move unexpectedly. VL 69.
22.05.26 05:21:49 [INFO] Ghostena2 failed SurvivalFly: tried to move unexpectedly. VL 71.
22.05.26 05:22:07 [INFO] Ghostena2 failed SurvivalFly: tried to move unexpectedly. VL 27.
22.05.26 05:22:08 [INFO] Ghostena2 failed SurvivalFly: tried to move unexpectedly. VL 118.
22.05.26 05:22:22 [INFO] Ghostena2 failed SurvivalFly: tried to move unexpectedly. VL 11.
22.05.26 05:22:33 [INFO] Ghostena2 failed SurvivalFly: tried to move unexpectedly. VL 69.
22.05.26 05:22:52 [INFO] Ghostena2 failed SurvivalFly: tried to move unexpectedly. VL 21.
22.05.26 05:23:12 [INFO] Ghostena2 failed SurvivalFly: tried to move unexpectedly. VL 73.
22.05.26 05:23:26 [INFO] Ghostena2 failed SurvivalFly: tried to move unexpectedly. VL 85.
22.05.26 05:23:54 [INFO] Ghostena2 failed SurvivalFly: tried to move unexpectedly. VL 84.
22.05.26 05:24:08 [INFO] Ghostena2 failed SurvivalFly: tried to move unexpectedly. VL 21.
22.05.26 05:25:23 [INFO] Ghostena2 failed SurvivalFly: tried to move unexpectedly. VL 21.
22.05.26 05:25:46 [INFO] Ghostena2 failed SurvivalFly: tried to move unexpectedly. VL 32.
22.05.26 05:26:07 [INFO] Ghostena2 failed SurvivalFly: tried to move unexpectedly. VL 18.
22.05.26 05:26:20 [INFO] Ghostena2 failed SurvivalFly: tried to move unexpectedly. VL 7.
22.05.26 05:26:33 [INFO] Ghostena2 failed SurvivalFly: tried to move unexpectedly. VL 25.
22.05.26 05:27:08 [INFO] Ghostena2 failed SurvivalFly: tried to move unexpectedly. VL 18.
22.05.26 05:27:56 [INFO] Ghostena2 failed SurvivalFly: tried to move unexpectedly. VL 71.
22.05.26 05:28:33 [INFO] Ghostena2 failed SurvivalFly: tried to move unexpectedly. VL 20.
22.05.26 05:28:48 [INFO] Ghostena2 failed SurvivalFly: tried to move unexpectedly. VL 35.
22.05.26 05:29:14 [INFO] Ghostena2 failed SurvivalFly: tried to move unexpectedly. VL 18.
22.05.26 05:29:36 [INFO] Ghostena2 failed SurvivalFly: tried to move unexpectedly. VL 22.
22.05.26 05:29:52 [INFO] Ghostena2 failed SurvivalFly: tried to move unexpectedly. VL 81.
22.05.26 05:30:06 [INFO] Ghostena2 failed SurvivalFly: tried to move unexpectedly. VL 73.
22.05.26 05:30:26 [INFO] Ghostena2 failed SurvivalFly: tried to move unexpectedly. VL 21.
22.05.26 05:30:41 [INFO] Ghostena2 failed SurvivalFly: tried to move unexpectedly. VL 75.
22.05.26 05:30:53 [INFO] Ghostena2 failed SurvivalFly: tried to move unexpectedly. VL 7.
22.05.26 05:31:30 [INFO] Ghostena2 failed SurvivalFly: tried to move unexpectedly. VL 32.
22.05.26 05:31:40 [INFO] Ghostena2 failed SurvivalFly: tried to move unexpectedly. VL 70.
22.05.26 05:32:04 [INFO] Ghostena2 failed SurvivalFly: tried to move unexpectedly. VL 84.
22.05.26 05:32:34 [INFO] Ghostena2 failed SurvivalFly: tried to move unexpectedly. VL 81.
22.05.26 05:32:55 [INFO] Ghostena2 failed SurvivalFly: tried to move unexpectedly. VL 32.
22.05.26 05:33:10 [INFO] Ghostena2 failed SurvivalFly: tried to move unexpectedly. VL 21.
22.05.26 05:33:24 [INFO] Ghostena2 failed SurvivalFly: tried to move unexpectedly. VL 14.
22.05.26 05:33:39 [INFO] Ghostena2 failed SurvivalFly: tried to move unexpectedly. VL 86.
22.05.26 05:37:54 [INFO] Ghostena2 failed SurvivalFly: tried to move unexpectedly. VL 73.
22.05.26 05:38:09 [INFO] Ghostena2 failed SurvivalFly: tried to move unexpectedly. VL 86.
22.05.26 05:38:28 [INFO] Ghostena2 failed SurvivalFly: tried to move unexpectedly. VL 21.
22.05.26 05:38:54 [INFO] Ghostena2 failed SurvivalFly: tried to move unexpectedly. VL 18.
22.05.26 05:40:01 [INFO] Ghostena2 failed SurvivalFly: tried to move unexpectedly. VL 85.
22.05.26 05:40:15 [INFO] Ghostena2 failed SurvivalFly: tried to move unexpectedly. VL 19.
22.05.26 05:40:55 [INFO] Ghostena2 failed SurvivalFly: tried to move unexpectedly. VL 18.
22.05.26 05:41:47 [INFO] Ghostena2 failed SurvivalFly: tried to move unexpectedly. VL 21.
22.05.26 05:42:02 [INFO] Ghostena2 failed SurvivalFly: tried to move unexpectedly. VL 82.
22.05.26 05:42:18 [INFO] Ghostena2 failed SurvivalFly: tried to move unexpectedly. VL 74.
22.05.26 05:42:32 [INFO] Ghostena2 failed SurvivalFly: tried to move unexpectedly. VL 32.
22.05.26 05:42:53 [INFO] Ghostena2 failed SurvivalFly: tried to move unexpectedly. VL 19.
22.05.26 05:43:09 [INFO] Ghostena2 failed SurvivalFly: tried to move unexpectedly. VL 70.
22.05.26 05:43:26 [INFO] Ghostena2 failed SurvivalFly: tried to move unexpectedly. VL 34.
22.05.26 05:43:39 [INFO] Ghostena2 failed SurvivalFly: tried to move unexpectedly. VL 7.
22.05.26 05:43:55 [INFO] Ghostena2 failed SurvivalFly: tried to move unexpectedly. VL 21.
22.05.26 05:44:09 [INFO] Ghostena2 failed SurvivalFly: tried to move unexpectedly. VL 32.
22.05.26 05:44:19 [INFO] Ghostena2 failed SurvivalFly: tried to move unexpectedly. VL 42.
22.05.26 05:44:20 [INFO] Ghostena2 failed SurvivalFly: tried to move unexpectedly. VL 132.
22.05.26 05:44:24 [INFO] Ghostena2 failed SurvivalFly: tried to move from -366.68, 63.00, 170.30 to -366.68, 63.00, 170.89 over a distance of 0.59 block(s). VL 421.
22.05.26 05:44:30 [INFO] Ghostena2 failed SurvivalFly: tried to move from -366.68, 63.00, 170.30 to -366.68, 63.00, 171.43 over a distance of 1.13 block(s). VL 707.
22.05.26 05:44:35 [INFO] Ghostena2 failed SurvivalFly: tried to move from -366.68, 63.00, 170.30 to -366.68, 63.00, 170.89 over a distance of 0.59 block(s). VL 993.
22.05.26 05:44:36 [INFO] Ghostena2 failed SurvivalFly: tried to move from -366.68, 63.00, 170.30 to -366.68, 63.00, 170.86 over a distance of 0.56 block(s). VL 1027.
22.05.26 12:55:36 [INFO] Fleefer failed SurvivalFly: tried to move from 115.01, 72.23, 123.12 to (HOVER) over a distance of 0.0(HOVER) block(s). VL 500.
22.05.26 13:15:46 [INFO] Fleefer failed SurvivalFly: tried to move from -376.06, 88.50, 160.38 to (HOVER) over a distance of 0.0(HOVER) block(s). VL 500.
22.05.26 13:19:48 [INFO] Fleefer failed SurvivalFly: tried to move unexpectedly. VL 33.
22.05.26 13:35:04 [INFO] Fleefer failed SurvivalFly: tried to move unexpectedly. VL 57.
22.05.26 13:49:47 [INFO] Fleefer failed SurvivalFly: tried to move from 235.38, 64.75, 29.00 to (HOVER) over a distance of 0.0(HOVER) block(s). VL 500.
22.05.26 13:54:22 [INFO] Fleefer failed SurvivalFly: tried to move unexpectedly. VL 77.
22.05.26 13:54:50 [INFO] Fleefer failed SurvivalFly: tried to move unexpectedly. VL 33.
22.05.26 14:06:08 [INFO] BruhObama failed SurvivalFly: tried to move unexpectedly. VL 60.
22.05.26 14:32:14 [INFO] BruhObama failed SurvivalFly: tried to move unexpectedly. VL 167.
22.05.26 15:55:26 [INFO] lisjd failed Visible: interacts with a block out of sight. VL 6.
22.05.26 15:55:28 [INFO] lisjd failed Visible: interacts with a block out of sight. VL 15.
22.05.26 15:55:31 [INFO] lisjd failed Visible: interacts with a block out of sight. VL 15.
22.05.26 16:16:44 [INFO] Aarush_Nuts failed Relog: relogs too fast. VL 1.
22.05.26 18:08:44 [INFO] Gerland failed Direction: tried to hit an entity out of line of sight. VL 9.
22.05.26 18:08:45 [INFO] El_Nathan_Nang failed WrongBlock: broke another block than clicked. VL 10.
22.05.26 18:08:49 [INFO] Gerland failed Direction: tried to hit an entity out of line of sight. VL 5.
22.05.26 18:08:50 [INFO] El_Nathan_Nang failed WrongBlock: broke another block than clicked. VL 11.
22.05.26 18:08:57 [INFO] El_Nathan_Nang failed WrongBlock: broke another block than clicked. VL 12.
22.05.26 18:09:11 [INFO] Gerland failed Direction: tried to hit an entity out of line of sight. VL 6.
22.05.26 18:09:14 [INFO] lisjd failed Visible: interacts with a block out of sight. VL 6.
22.05.26 18:09:15 [INFO] Gerland failed Direction: tried to hit an entity out of line of sight. VL 21.
22.05.26 18:09:23 [INFO] Gerland failed Direction: tried to hit an entity out of line of sight. VL 40.
22.05.26 18:09:45 [INFO] oh_daddy failed Direction: tried to interact with a block out of his line of sight. VL 13.
22.05.26 18:09:46 [INFO] El_Nathan_Nang failed WrongBlock: broke another block than clicked. VL 10.
22.05.26 18:09:53 [INFO] El_Nathan_Nang failed WrongBlock: broke another block than clicked. VL 12.
22.05.26 18:09:59 [INFO] El_Nathan_Nang failed WrongBlock: broke another block than clicked. VL 13.
22.05.26 18:10:08 [INFO] BOB_ROSS failed Visible: interacts with a block out of sight. VL 5.
22.05.26 18:10:14 [INFO] El_Nathan_Nang failed WrongBlock: broke another block than clicked. VL 14.
22.05.26 18:10:23 [INFO] BOB_ROSS failed Visible: interacts with a block out of sight. VL 6.
22.05.26 18:10:30 [INFO] BOB_ROSS failed Visible: interacts with a block out of sight. VL 19.
22.05.26 18:10:38 [INFO] BOB_ROSS failed Visible: interacts with a block out of sight. VL 22.
22.05.26 18:10:52 [INFO] BOB_ROSS failed Visible: interacts with a block out of sight. VL 31.
22.05.26 18:11:00 [INFO] fusdhjfikhir failed MorePackets: sent 10 more packet(s) than expected. VL 10.
22.05.26 18:11:20 [INFO] lisjd failed Visible: interacts with a block out of sight. VL 7.
22.05.26 18:11:39 [INFO] oh_daddy failed Direction: tried to hit an entity out of line of sight. VL 12.
22.05.26 18:18:33 [INFO] BruhObama failed SurvivalFly: tried to move unexpectedly. VL 167.
22.05.26 18:24:22 [INFO] Ghostena2 failed SurvivalFly: tried to move unexpectedly. VL 41.
22.05.26 18:24:41 [INFO] Ghostena2 failed SurvivalFly: tried to move unexpectedly. VL 18.
22.05.26 18:24:55 [INFO] Ghostena2 failed SurvivalFly: tried to move unexpectedly. VL 69.
22.05.26 18:25:20 [INFO] Ghostena2 failed SurvivalFly: tried to move unexpectedly. VL 27.
22.05.26 18:25:22 [INFO] Ghostena2 failed SurvivalFly: tried to move unexpectedly. VL 112.
22.05.26 18:25:27 [INFO] Ghostena2 failed SurvivalFly: tried to move from -366.63, 63.00, 171.24 to -366.62, 63.00, 171.76 over a distance of 0.53 block(s). VL 417.
22.05.26 18:25:32 [INFO] Ghostena2 failed SurvivalFly: tried to move unexpectedly. VL 335.
22.05.26 18:25:34 [INFO] Ghostena2 failed SurvivalFly: tried to move from -366.64, 63.00, 171.24 to -366.69, 63.00, 171.79 over a distance of 0.54 block(s). VL 434.
22.05.26 19:13:39 [INFO] Chinster failed SurvivalFly: tried to move unexpectedly. VL 45.
22.05.26 19:26:02 [INFO] lisjd failed SurvivalFly: tried to move unexpectedly. VL 22.
22.05.26 19:26:12 [INFO] lisjd failed SurvivalFly: tried to move unexpectedly. VL 8.
22.05.26 19:26:22 [INFO] lisjd failed SurvivalFly: tried to move unexpectedly. VL 19.
22.05.26 19:26:44 [INFO] lisjd failed SurvivalFly: tried to move unexpectedly. VL 6.
22.05.26 19:27:25 [INFO] lisjd failed SurvivalFly: tried to move unexpectedly. VL 9.
22.05.26 19:27:37 [INFO] lisjd failed SurvivalFly: tried to move unexpectedly. VL 4.
22.05.26 19:27:47 [INFO] lisjd failed SurvivalFly: tried to move unexpectedly. VL 53.
22.05.26 19:27:57 [INFO] lisjd failed SurvivalFly: tried to move unexpectedly. VL 20.
22.05.26 19:28:07 [INFO] lisjd failed SurvivalFly: tried to move unexpectedly. VL 16.
22.05.26 19:28:26 [INFO] lisjd failed SurvivalFly: tried to move unexpectedly. VL 2.
22.05.26 19:28:41 [INFO] lisjd failed SurvivalFly: tried to move unexpectedly. VL 11.
22.05.26 19:28:56 [INFO] lisjd failed SurvivalFly: tried to move unexpectedly. VL 5.
22.05.26 19:29:08 [INFO] lisjd failed SurvivalFly: tried to move unexpectedly. VL 1.
22.05.26 20:34:48 [INFO] lisjd failed Relog: relogs too fast. VL 1.
22.05.26 20:54:39 [INFO] BOB_ROSS failed SurvivalFly: tried to move unexpectedly. VL 27.
22.05.26 22:38:54 [INFO] Fleefer failed MorePacketsVehicle: sent 23 more packet(s) than expected. VL 23.
22.05.26 22:39:10 [INFO] Fleefer failed MorePacketsVehicle: sent 80 more packet(s) than expected. VL 80.
22.05.26 22:39:53 [INFO] Fleefer failed MorePacketsVehicle: sent 30 more packet(s) than expected. VL 30.
22.05.26 22:40:12 [INFO] Fleefer failed MorePacketsVehicle: sent 24 more packet(s) than expected. VL 24.
22.05.26 22:40:24 [INFO] Fleefer failed MorePacketsVehicle: sent 320 more packet(s) than expected. VL 320.
22.05.26 22:40:28 [INFO] Fleefer failed MorePacketsVehicle: sent 131 more packet(s) than expected. VL 131.
22.05.26 22:40:33 [INFO] Fleefer failed MorePacketsVehicle: sent 107 more packet(s) than expected. VL 107.
22.05.26 22:40:37 [INFO] Fleefer failed MorePacketsVehicle: sent 59 more packet(s) than expected. VL 59.
22.05.26 22:40:39 [INFO] Fleefer failed MorePacketsVehicle: sent 49 more packet(s) than expected. VL 49.
22.05.26 22:40:52 [INFO] Ghostena2 failed BedLeave: sends bed leave packets (was not in bed). VL 1.
22.05.26 22:43:46 [INFO] Habbramaster failed Direction: tried to hit an entity out of line of sight. VL 9.
22.05.26 22:46:56 [INFO] Habbramaster failed Visible: interacts with a block out of sight. VL 5.
22.05.26 22:51:52 [INFO] Ghostena2 failed Visible: interacts with a block out of sight. VL 5.
22.05.26 22:51:56 [INFO] Ghostena2 failed Visible: interacts with a block out of sight. VL 9.
22.05.26 22:52:21 [INFO] Ghostena2 failed Visible: interacts with a block out of sight. VL 7.
22.05.26 22:53:12 [INFO] Ghostena2 failed Visible: interacts with a block out of sight. VL 7.
22.05.26 22:53:36 [INFO] Ghostena2 failed Visible: interacts with a block out of sight. VL 8.
22.05.26 22:53:40 [INFO] Ghostena2 failed WrongBlock: broke another block than clicked. VL 10.
22.05.26 22:53:50 [INFO] Ghostena2 failed WrongBlock: broke another block than clicked. VL 11.
22.05.26 22:53:57 [INFO] Ghostena2 failed WrongBlock: broke another block than clicked. VL 14.
22.05.26 22:53:58 [INFO] Ghostena2 failed Visible: interacts with a block out of sight. VL 7.
22.05.26 22:54:07 [INFO] Ghostena2 failed WrongBlock: broke another block than clicked. VL 17.
22.05.26 22:54:07 [INFO] Ghostena2 failed Visible: interacts with a block out of sight. VL 9.
22.05.26 22:54:49 [INFO] Ghostena2 failed WrongBlock: broke another block than clicked. VL 13.
22.05.26 22:54:50 [INFO] BobtheJeff failed Visible: interacts with a block out of sight. VL 5.
22.05.26 22:54:50 [INFO] Ghostena2 failed Visible: interacts with a block out of sight. VL 8.
22.05.26 22:55:05 [INFO] Ghostena2 failed WrongBlock: broke another block than clicked. VL 17.
22.05.26 23:06:19 [INFO] Ghostena2 failed Visible: interacts with a block out of sight. VL 5.
22.05.26 23:06:22 [INFO] Ghostena2 failed Visible: interacts with a block out of sight. VL 6.
22.05.26 23:06:29 [INFO] Ghostena2 failed Visible: interacts with a block out of sight. VL 7.
22.05.26 23:06:46 [INFO] Ghostena2 failed Passable: moved into a block (1). VL 10.
22.05.26 23:06:53 [INFO] Ghostena2 failed Passable: moved into a block (1). VL 12.
22.05.26 23:06:57 [INFO] Ghostena2 failed Passable: moved into a block (1). VL 12.
22.05.26 23:06:57 [INFO] Ghostena2 failed Visible: interacts with a block out of sight. VL 9.
22.05.26 23:07:02 [INFO] Ghostena2 failed Passable: moved into a block (1). VL 13.
22.05.26 23:07:02 [INFO] Ghostena2 failed Visible: interacts with a block out of sight. VL 10.
22.05.26 23:41:39 [INFO] Ghostena2 failed Visible: interacts with a block out of sight. VL 6.
22.05.26 23:41:49 [INFO] Ghostena2 failed Visible: interacts with a block out of sight. VL 8.
22.05.26 23:42:02 [INFO] Ghostena2 failed Visible: interacts with a block out of sight. VL 8.
22.05.26 23:42:04 [INFO] Ghostena2 failed Visible: interacts with a block out of sight. VL 9.
22.05.26 23:42:08 [INFO] Ghostena2 failed Visible: interacts with a block out of sight. VL 10.
22.05.26 23:42:29 [INFO] Ghostena2 failed WrongBlock: broke another block than clicked. VL 10.
22.05.26 23:43:00 [INFO] Ghostena2 failed WrongBlock: broke another block than clicked. VL 12.
22.05.27 00:14:01 [INFO] BruhObama failed SurvivalFly: tried to move unexpectedly. VL 234.
22.05.27 00:14:33 [INFO] BruhObama failed SurvivalFly: tried to move unexpectedly. VL 276.
22.05.27 00:40:13 [INFO] BruhObama failed SurvivalFly: tried to move unexpectedly. VL 167.
22.05.27 00:46:33 [INFO] BobtheJeff failed SurvivalFly: tried to move unexpectedly. VL 15.
22.05.27 01:42:54 [INFO] Fleefer failed SurvivalFly: tried to move unexpectedly. VL 134.
22.05.27 01:43:12 [INFO] Fleefer failed SurvivalFly: tried to move unexpectedly. VL 201.
22.05.27 01:43:40 [INFO] Fleefer failed SurvivalFly: tried to move from 61.50, 77.10, 293.50 to 61.50, 77.02, 293.50 over a distance of 0.08 block(s). VL 403.
22.05.27 01:43:49 [INFO] Fleefer failed SurvivalFly: tried to move from 61.50, 77.10, 293.50 to 61.50, 77.02, 293.50 over a distance of 0.08 block(s). VL 470.
22.05.27 04:38:12 [INFO] Banana_Universe_ failed SurvivalFly: tried to move unexpectedly. VL 13.
22.05.27 04:47:48 [INFO] Banana_Universe_ failed SurvivalFly: tried to move unexpectedly. VL 0.
22.05.27 05:35:09 [INFO] Ghostena2 failed SurvivalFly: tried to move unexpectedly. VL 45.
22.05.27 13:25:27 [INFO] BruhObama failed Visible: interacts with a block out of sight. VL 5.
22.05.27 14:23:01 [INFO] BruhObama failed SurvivalFly: tried to move unexpectedly. VL 167.
22.05.27 14:26:50 [INFO] BruhObama failed FastBreak: tried to break blocks (2) faster than possible. VL 1.
22.05.27 14:26:59 [INFO] BruhObama failed FastBreak: tried to break blocks (2) faster than possible. VL 1.
22.05.27 14:30:30 [INFO] Fleefer failed SurvivalFly: tried to move unexpectedly. VL 36.
22.05.27 14:39:08 [INFO] BruhObama failed SurvivalFly: tried to move unexpectedly. VL 167.
22.05.27 15:53:47 [INFO] Aarush_Nuts failed SurvivalFly: tried to move unexpectedly. VL 10.
22.05.27 15:54:29 [INFO] Aarush_Nuts failed Relog: relogs too fast. VL 1.
22.05.27 15:54:40 [INFO] Aarush_Nuts failed SurvivalFly: tried to move unexpectedly. VL 1.
22.05.27 15:55:30 [INFO] Banana_Universe_ failed Visible: interacts with a block out of sight. VL 6.
22.05.27 15:55:32 [INFO] Banana_Universe_ failed Visible: interacts with a block out of sight. VL 9.
22.05.27 15:55:41 [INFO] Banana_Universe_ failed Visible: interacts with a block out of sight. VL 9.
22.05.27 15:55:45 [INFO] Banana_Universe_ failed Visible: interacts with a block out of sight. VL 11.
22.05.27 15:56:47 [INFO] Banana_Universe_ failed Visible: interacts with a block out of sight. VL 9.
22.05.27 15:57:00 [INFO] Banana_Universe_ failed Visible: interacts with a block out of sight. VL 8.
22.05.27 16:06:14 [INFO] Ghostena2 failed Knockback: tried to do a knockback but wasn't technically sprinting. VL 50.
22.05.27 16:14:21 [INFO] El_Nathan_Nang failed SurvivalFly: tried to move unexpectedly. VL 35.
22.05.27 16:15:00 [INFO] lisjd failed SurvivalFly: tried to move unexpectedly. VL 38.
22.05.27 16:15:06 [INFO] Ghostena2 failed Direction: tried to hit an entity out of line of sight. VL 8.
22.05.27 16:15:31 [INFO] lisjd failed SurvivalFly: tried to move unexpectedly. VL 61.
22.05.27 16:29:54 [INFO] El_Nathan_Nang failed SurvivalFly: tried to move unexpectedly. VL 6.
22.05.27 16:30:05 [INFO] El_Nathan_Nang failed SurvivalFly: tried to move unexpectedly. VL 1.
22.05.27 18:05:15 [INFO] lebobo failed Visible: interacts with a block out of sight. VL 5.
22.05.27 18:05:17 [INFO] lebobo failed Visible: interacts with a block out of sight. VL 7.
22.05.27 18:08:49 [INFO] Ghostena2 failed Visible: interacts with a block out of sight. VL 5.
22.05.27 18:08:51 [INFO] Ghostena2 failed Visible: interacts with a block out of sight. VL 6.
22.05.27 18:08:57 [INFO] Ghostena2 failed Visible: interacts with a block out of sight. VL 7.
22.05.27 18:09:20 [INFO] Ghostena2 failed Passable: moved into a block (1). VL 10.
22.05.27 19:17:11 [INFO] Gerland failed SurvivalFly: tried to move unexpectedly. VL 21.
22.05.27 19:23:16 [INFO] Ghostena2 failed SurvivalFly: tried to move unexpectedly. VL 29.
22.05.27 19:24:10 [INFO] Ghostena2 failed SurvivalFly: tried to move unexpectedly. VL 33.
22.05.27 19:25:00 [INFO] Ghostena2 failed SurvivalFly: tried to move unexpectedly. VL 16.
22.09.26 01:23:17 [INFO] Banana_Shimoz failed GodMode: avoided taking damage or lagging. VL 10.
22.09.26 02:38:34 [INFO] Banana_Shimoz failed SurvivalFly: tried to move from 139.58, 73.48, 123.58 to (HOVER) over a distance of 0.0(HOVER) block(s). VL 500.
22.09.26 02:51:13 [INFO] Banana_Shimoz failed Speed: tried to attack with too high a frequency. VL 2.
